1627491298382	geckodriver	INFO	Listening on 127.0.0.1:49323
1627491299386	mozrunner::runner	INFO	Running command: "/Applications/Firefox.app/Contents/MacOS/firefox-bin" "--marionette" "-foreground" "-no-remote" "-profile" "/var/folders/mk/zkqwr15s00zdkbcslm8yrtgm0000gn/T/rust_mozprofile9SjK58"
1627491300369	Marionette	INFO	Marionette enabled
console.warn: SearchSettings: "get: No settings file exists, new profile?" (new NotFoundError("Could not open the file at /var/folders/mk/zkqwr15s00zdkbcslm8yrtgm0000gn/T/rust_mozprofile9SjK58/search.json.mozlz4", (void 0)))
console.error: BackgroundUpdate: 
  _reasonsToNotScheduleUpdates: Failed to check for Maintenance Service Registry Key: [Exception... "Component returned failure code: 0x80004001 (NS_ERROR_NOT_IMPLEMENTED) [nsIUpdateProcessor.getServiceRegKeyExists]"  nsresult: "0x80004001 (NS_ERROR_NOT_IMPLEMENTED)"  location: "JS frame :: resource://gre/modules/BackgroundUpdate.jsm :: _reasonsToNotScheduleUpdates :: line 243"  data: no]
1627491302565	Marionette	INFO	Listening on port 49336
1627491302638	Marionette	WARN	TLS certificate errors will be ignored for this session
JavaScript error: http://localhost:8080/CS480Demo/jsps/main.jsp, line 29: TypeError: g is undefined
JavaScript error: http://localhost:8080/CS480Demo/jsps/top.jsp;jsessionid=250AEDD5BC9A027A595CA8B13A57FE3E, line 28: TypeError: g is undefined
JavaScript error: resource://gre/actors/AutoCompleteChild.jsm, line 125: Error: Invalid autocomplete selectedIndex
JavaScript error: resource://gre/actors/AutoCompleteChild.jsm, line 125: Error: Invalid autocomplete selectedIndex
JavaScript error: resource://gre/modules/LoginManagerChild.jsm, line 194: NS_ERROR_XPC_JAVASCRIPT_ERROR_WITH_DETAILS: [JavaScript Error: "Invalid autocomplete selectedIndex" {file: "resource://gre/actors/AutoCompleteChild.jsm" line: 125}]'[JavaScript Error: "Invalid autocomplete selectedIndex" {file: "resource://gre/actors/AutoCompleteChild.jsm" line: 125}]' when calling method: [nsIAutoCompletePopup::selectedIndex]
JavaScript error: http://localhost:8080/CS480Demo/UserServletLogin, line 29: TypeError: g is undefined
JavaScript error: http://localhost:8080/CS480Demo/jsps/top.jsp, line 28: TypeError: g is undefined
JavaScript error: http://localhost:8080/CS480Demo/findAllgames, line 19: TypeError: g is undefined
JavaScript error: http://localhost:8080/CS480Demo/UserGame, line 19: TypeError: g is undefined
JavaScript error: http://localhost:8080/CS480Demo/findAllgames, line 19: TypeError: g is undefined
console.error: services.settings: 
  main/doh-providers Signature failed  InvalidSignatureError: Invalid content signature (main/doh-providers)
console.error: services.settings: 
  main/doh-providers local data was corrupted
console.warn: services.settings: main/doh-providers Signature verified failed. Retry from scratch
console.error: services.settings: 
  main/doh-config Signature failed  InvalidSignatureError: Invalid content signature (main/doh-config)
console.error: services.settings: 
  main/doh-config local data was corrupted
console.warn: services.settings: main/doh-config Signature verified failed. Retry from scratch
console.log: WebExtensions: reset-default-search: starting.
console.log: WebExtensions: reset-default-search: No addons in our list are installed.
JavaScript error: http://localhost:8080/CS480Demo/UserServletLogin, line 29: TypeError: g is undefined
JavaScript error: http://localhost:8080/CS480Demo/jsps/top.jsp, line 28: TypeError: g is undefined
JavaScript error: http://localhost:8080/CS480Demo/findAllgames, line 19: TypeError: g is undefined
JavaScript error: http://localhost:8080/CS480Demo/UserGame, line 19: TypeError: g is undefined
JavaScript error: http://localhost:8080/CS480Demo/findAllgames, line 19: TypeError: g is undefined
JavaScript error: http://localhost:8080/CS480Demo/UserGame, line 19: TypeError: g is undefined
console.error: (new TypeError("watcher.browserElement.browsingContext is null", "resource://devtools/server/actors/watcher/target-helpers/frame-helper.js", 136))
JavaScript error: resource://devtools/server/connectors/js-window-actor/DevToolsFrameChild.jsm, line 279: Error: Trying to destroy a target actor that doesn't exists, or has already been destroyed. Watcher Actor ID:server0.conn0.watcher2
JavaScript error: resource://devtools/server/connectors/js-window-actor/DevToolsFrameChild.jsm, line 279: Error: Trying to destroy a target actor that doesn't exists, or has already been destroyed. Watcher Actor ID:server0.conn0.watcher2
JavaScript error: resource://devtools/server/connectors/js-window-actor/DevToolsFrameChild.jsm, line 279: Error: Trying to destroy a target actor that doesn't exists, or has already been destroyed. Watcher Actor ID:server0.conn0.watcher2
JavaScript error: resource://devtools/server/connectors/js-window-actor/DevToolsFrameChild.jsm, line 279: Error: Trying to destroy a target actor that doesn't exists, or has already been destroyed. Watcher Actor ID:server0.conn0.watcher2
JavaScript error: resource://devtools/server/connectors/js-window-actor/DevToolsFrameChild.jsm, line 279: Error: Trying to destroy a target actor that doesn't exists, or has already been destroyed. Watcher Actor ID:server0.conn0.watcher2
JavaScript error: http://localhost:8080/CS480Demo/UserServletLogin, line 29: TypeError: g is undefined
JavaScript error: http://localhost:8080/CS480Demo/jsps/top.jsp, line 28: TypeError: g is undefined
JavaScript error: http://localhost:8080/CS480Demo/findAllgames, line 19: TypeError: g is undefined
JavaScript error: http://localhost:8080/CS480Demo/jsps/main.jsp, line 29: TypeError: g is undefined
JavaScript error: http://localhost:8080/CS480Demo/jsps/top.jsp, line 28: TypeError: g is undefined
JavaScript error: http://localhost:8080/CS480Demo/UserServletLogin, line 29: TypeError: g is undefined
JavaScript error: http://localhost:8080/CS480Demo/jsps/top.jsp, line 28: TypeError: g is undefined
JavaScript error: http://localhost:8080/CS480Demo/findAllgames, line 19: TypeError: g is undefined
JavaScript error: http://localhost:8080/CS480Demo/UserGame, line 19: TypeError: g is undefined
JavaScript error: http://localhost:8080/CS480Demo/findAllgames, line 19: TypeError: g is undefined
JavaScript error: http://localhost:8080/CS480Demo/findAllgames, line 19: TypeError: g is undefined
JavaScript error: http://localhost:8080/CS480Demo/findAllgames, line 19: TypeError: g is undefined
JavaScript error: http://localhost:8080/CS480Demo/findAllgames, line 19: TypeError: g is undefined
JavaScript error: http://localhost:8080/CS480Demo/findAllgames, line 19: TypeError: g is undefined
1627600039655	Marionette	INFO	Stopped listening on port 49336

###!!! [Parent][RunMessage] Error: Channel closing: too late to send/recv, messages will be lost

1627603174918	geckodriver	INFO	Listening on 127.0.0.1:55964
1627603175924	mozrunner::runner	INFO	Running command: "/Applications/Firefox.app/Contents/MacOS/firefox-bin" "--marionette" "-foreground" "-no-remote" "-profile" "/var/folders/mk/zkqwr15s00zdkbcslm8yrtgm0000gn/T/rust_mozprofileyRdFjV"
1627603176581	Marionette	INFO	Marionette enabled
console.warn: SearchSettings: "get: No settings file exists, new profile?" (new NotFoundError("Could not open the file at /var/folders/mk/zkqwr15s00zdkbcslm8yrtgm0000gn/T/rust_mozprofileyRdFjV/search.json.mozlz4", (void 0)))
console.error: BackgroundUpdate: 
  _reasonsToNotScheduleUpdates: Failed to check for Maintenance Service Registry Key: [Exception... "Component returned failure code: 0x80004001 (NS_ERROR_NOT_IMPLEMENTED) [nsIUpdateProcessor.getServiceRegKeyExists]"  nsresult: "0x80004001 (NS_ERROR_NOT_IMPLEMENTED)"  location: "JS frame :: resource://gre/modules/BackgroundUpdate.jsm :: _reasonsToNotScheduleUpdates :: line 243"  data: no]
1627603178561	Marionette	INFO	Listening on port 55976
1627603178658	Marionette	WARN	TLS certificate errors will be ignored for this session
1627603275307	geckodriver	INFO	Listening on 127.0.0.1:56054
1627603276335	mozrunner::runner	INFO	Running command: "/Applications/Firefox.app/Contents/MacOS/firefox-bin" "--marionette" "-foreground" "-no-remote" "-profile" "/var/folders/mk/zkqwr15s00zdkbcslm8yrtgm0000gn/T/rust_mozprofileYqFdgy"
1627603277039	Marionette	INFO	Marionette enabled
console.warn: SearchSettings: "get: No settings file exists, new profile?" (new NotFoundError("Could not open the file at /var/folders/mk/zkqwr15s00zdkbcslm8yrtgm0000gn/T/rust_mozprofileYqFdgy/search.json.mozlz4", (void 0)))
console.error: BackgroundUpdate: 
  _reasonsToNotScheduleUpdates: Failed to check for Maintenance Service Registry Key: [Exception... "Component returned failure code: 0x80004001 (NS_ERROR_NOT_IMPLEMENTED) [nsIUpdateProcessor.getServiceRegKeyExists]"  nsresult: "0x80004001 (NS_ERROR_NOT_IMPLEMENTED)"  location: "JS frame :: resource://gre/modules/BackgroundUpdate.jsm :: _reasonsToNotScheduleUpdates :: line 243"  data: no]
1627603278991	Marionette	INFO	Listening on port 56066
1627603279023	Marionette	WARN	TLS certificate errors will be ignored for this session
1627603427907	geckodriver	INFO	Listening on 127.0.0.1:56147
1627603428912	mozrunner::runner	INFO	Running command: "/Applications/Firefox.app/Contents/MacOS/firefox-bin" "--marionette" "-foreground" "-no-remote" "-profile" "/var/folders/mk/zkqwr15s00zdkbcslm8yrtgm0000gn/T/rust_mozprofilekXVJV5"
1627603429512	Marionette	INFO	Marionette enabled
console.warn: SearchSettings: "get: No settings file exists, new profile?" (new NotFoundError("Could not open the file at /var/folders/mk/zkqwr15s00zdkbcslm8yrtgm0000gn/T/rust_mozprofilekXVJV5/search.json.mozlz4", (void 0)))
console.error: BackgroundUpdate: 
  _reasonsToNotScheduleUpdates: Failed to check for Maintenance Service Registry Key: [Exception... "Component returned failure code: 0x80004001 (NS_ERROR_NOT_IMPLEMENTED) [nsIUpdateProcessor.getServiceRegKeyExists]"  nsresult: "0x80004001 (NS_ERROR_NOT_IMPLEMENTED)"  location: "JS frame :: resource://gre/modules/BackgroundUpdate.jsm :: _reasonsToNotScheduleUpdates :: line 243"  data: no]
1627603431406	Marionette	INFO	Listening on port 56158
1627603431509	Marionette	WARN	TLS certificate errors will be ignored for this session
JavaScript error: resource://devtools/server/actors/network-monitor/network-event-actor.js, line 108: Error: Got a request https://static-assets-prod.epicgames.com/epic-store/static/webpack/webAppStyles.diesel-site.0c130bbcba001b8ed96d.css without a browsingContextID set
JavaScript error: resource://devtools/server/actors/network-monitor/network-event-actor.js, line 108: Error: Got a request https://static-assets-prod.epicgames.com/epic-store/static/webpack/fonts.diesel-site.c2e876cd6df9e73090d2.js without a browsingContextID set
console.error: services.settings: 
  main/doh-providers Signature failed  InvalidSignatureError: Invalid content signature (main/doh-providers)
console.error: services.settings: 
  main/doh-providers local data was corrupted
console.warn: services.settings: main/doh-providers Signature verified failed. Retry from scratch
console.error: services.settings: 
  main/doh-config Signature failed  InvalidSignatureError: Invalid content signature (main/doh-config)
console.error: services.settings: 
  main/doh-config local data was corrupted
console.warn: services.settings: main/doh-config Signature verified failed. Retry from scratch
1627603626836	geckodriver	INFO	Listening on 127.0.0.1:56285
1627603627843	mozrunner::runner	INFO	Running command: "/Applications/Firefox.app/Contents/MacOS/firefox-bin" "--marionette" "-foreground" "-no-remote" "-profile" "/var/folders/mk/zkqwr15s00zdkbcslm8yrtgm0000gn/T/rust_mozprofileHMSWN8"
1627603628288	Marionette	INFO	Marionette enabled
console.warn: SearchSettings: "get: No settings file exists, new profile?" (new NotFoundError("Could not open the file at /var/folders/mk/zkqwr15s00zdkbcslm8yrtgm0000gn/T/rust_mozprofileHMSWN8/search.json.mozlz4", (void 0)))
console.error: BackgroundUpdate: 
  _reasonsToNotScheduleUpdates: Failed to check for Maintenance Service Registry Key: [Exception... "Component returned failure code: 0x80004001 (NS_ERROR_NOT_IMPLEMENTED) [nsIUpdateProcessor.getServiceRegKeyExists]"  nsresult: "0x80004001 (NS_ERROR_NOT_IMPLEMENTED)"  location: "JS frame :: resource://gre/modules/BackgroundUpdate.jsm :: _reasonsToNotScheduleUpdates :: line 243"  data: no]
1627603630361	Marionette	INFO	Listening on port 56296
1627603630433	Marionette	WARN	TLS certificate errors will be ignored for this session
1627603645085	Marionette	WARN	TimedPromise timed out after 500 ms: stacktrace:
TimedPromise/<@chrome://marionette/content/sync.js:237:19
TimedPromise@chrome://marionette/content/sync.js:222:10
interaction.flushEventLoop@chrome://marionette/content/interaction.js:431:10
webdriverClickElement@chrome://marionette/content/interaction.js:179:31
1627603656155	Marionette	WARN	TimedPromise timed out after 500 ms: stacktrace:
TimedPromise/<@chrome://marionette/content/sync.js:237:19
TimedPromise@chrome://marionette/content/sync.js:222:10
interaction.flushEventLoop@chrome://marionette/content/interaction.js:431:10
webdriverClickElement@chrome://marionette/content/interaction.js:179:31
1627603667154	Marionette	WARN	TimedPromise timed out after 500 ms: stacktrace:
TimedPromise/<@chrome://marionette/content/sync.js:237:19
TimedPromise@chrome://marionette/content/sync.js:222:10
interaction.flushEventLoop@chrome://marionette/content/interaction.js:431:10
webdriverClickElement@chrome://marionette/content/interaction.js:179:31
console.error: services.settings: 
  main/doh-providers Signature failed  InvalidSignatureError: Invalid content signature (main/doh-providers)
console.error: services.settings: 
  main/doh-providers local data was corrupted
console.warn: services.settings: main/doh-providers Signature verified failed. Retry from scratch
console.error: services.settings: 
  main/doh-config Signature failed  InvalidSignatureError: Invalid content signature (main/doh-config)
console.error: services.settings: 
  main/doh-config local data was corrupted
console.warn: services.settings: main/doh-config Signature verified failed. Retry from scratch
1627603678212	Marionette	WARN	TimedPromise timed out after 500 ms: stacktrace:
TimedPromise/<@chrome://marionette/content/sync.js:237:19
TimedPromise@chrome://marionette/content/sync.js:222:10
interaction.flushEventLoop@chrome://marionette/content/interaction.js:431:10
webdriverClickElement@chrome://marionette/content/interaction.js:179:31
console.log: WebExtensions: reset-default-search: starting.
console.log: WebExtensions: reset-default-search: No addons in our list are installed.
1627603689364	Marionette	WARN	TimedPromise timed out after 500 ms: stacktrace:
TimedPromise/<@chrome://marionette/content/sync.js:237:19
TimedPromise@chrome://marionette/content/sync.js:222:10
interaction.flushEventLoop@chrome://marionette/content/interaction.js:431:10
webdriverClickElement@chrome://marionette/content/interaction.js:179:31
1627603700771	Marionette	WARN	TimedPromise timed out after 500 ms: stacktrace:
TimedPromise/<@chrome://marionette/content/sync.js:237:19
TimedPromise@chrome://marionette/content/sync.js:222:10
interaction.flushEventLoop@chrome://marionette/content/interaction.js:431:10
webdriverClickElement@chrome://marionette/content/interaction.js:179:31
1627603711838	Marionette	WARN	TimedPromise timed out after 500 ms: stacktrace:
TimedPromise/<@chrome://marionette/content/sync.js:237:19
TimedPromise@chrome://marionette/content/sync.js:222:10
interaction.flushEventLoop@chrome://marionette/content/interaction.js:431:10
webdriverClickElement@chrome://marionette/content/interaction.js:179:31
console.log: WebExtensions: reset-default-search: starting.
console.log: WebExtensions: reset-default-search: No addons in our list are installed.
1627603789979	Marionette	WARN	TimedPromise timed out after 500 ms: stacktrace:
TimedPromise/<@chrome://marionette/content/sync.js:237:19
TimedPromise@chrome://marionette/content/sync.js:222:10
interaction.flushEventLoop@chrome://marionette/content/interaction.js:431:10
webdriverClickElement@chrome://marionette/content/interaction.js:179:31
1627603800892	Marionette	WARN	TimedPromise timed out after 500 ms: stacktrace:
TimedPromise/<@chrome://marionette/content/sync.js:237:19
TimedPromise@chrome://marionette/content/sync.js:222:10
interaction.flushEventLoop@chrome://marionette/content/interaction.js:431:10
webdriverClickElement@chrome://marionette/content/interaction.js:179:31
1627603803648	Marionette	WARN	TimedPromise timed out after 500 ms: stacktrace:
TimedPromise/<@chrome://marionette/content/sync.js:237:19
TimedPromise@chrome://marionette/content/sync.js:222:10
interaction.flushEventLoop@chrome://marionette/content/interaction.js:431:10
webdriverClickElement@chrome://marionette/content/interaction.js:179:31
1627603812731	Marionette	WARN	TimedPromise timed out after 500 ms: stacktrace:
TimedPromise/<@chrome://marionette/content/sync.js:237:19
TimedPromise@chrome://marionette/content/sync.js:222:10
interaction.flushEventLoop@chrome://marionette/content/interaction.js:431:10
webdriverClickElement@chrome://marionette/content/interaction.js:179:31
console.error: services.settings: 
  main/doh-providers Signature failed  InvalidSignatureError: Invalid content signature (main/doh-providers)
console.error: services.settings: 
  main/doh-providers local data was corrupted
console.warn: services.settings: main/doh-providers Signature verified failed. Retry from scratch
console.error: services.settings: 
  main/doh-config Signature failed  InvalidSignatureError: Invalid content signature (main/doh-config)
console.error: services.settings: 
  main/doh-config local data was corrupted
console.warn: services.settings: main/doh-config Signature verified failed. Retry from scratch
1627603823823	Marionette	WARN	TimedPromise timed out after 500 ms: stacktrace:
TimedPromise/<@chrome://marionette/content/sync.js:237:19
TimedPromise@chrome://marionette/content/sync.js:222:10
interaction.flushEventLoop@chrome://marionette/content/interaction.js:431:10
webdriverClickElement@chrome://marionette/content/interaction.js:179:31
1627603826561	Marionette	WARN	TimedPromise timed out after 500 ms: stacktrace:
TimedPromise/<@chrome://marionette/content/sync.js:237:19
TimedPromise@chrome://marionette/content/sync.js:222:10
interaction.flushEventLoop@chrome://marionette/content/interaction.js:431:10
webdriverClickElement@chrome://marionette/content/interaction.js:179:31
1627603835656	Marionette	WARN	TimedPromise timed out after 500 ms: stacktrace:
TimedPromise/<@chrome://marionette/content/sync.js:237:19
TimedPromise@chrome://marionette/content/sync.js:222:10
interaction.flushEventLoop@chrome://marionette/content/interaction.js:431:10
webdriverClickElement@chrome://marionette/content/interaction.js:179:31
1627603845406	Marionette	WARN	TimedPromise timed out after 500 ms: stacktrace:
TimedPromise/<@chrome://marionette/content/sync.js:237:19
TimedPromise@chrome://marionette/content/sync.js:222:10
interaction.flushEventLoop@chrome://marionette/content/interaction.js:431:10
webdriverClickElement@chrome://marionette/content/interaction.js:179:31
1627603856945	Marionette	WARN	TimedPromise timed out after 500 ms: stacktrace:
TimedPromise/<@chrome://marionette/content/sync.js:237:19
TimedPromise@chrome://marionette/content/sync.js:222:10
interaction.flushEventLoop@chrome://marionette/content/interaction.js:431:10
webdriverClickElement@chrome://marionette/content/interaction.js:179:31
console.error: "Tried to send a 'target-destroyed-form' event on an already destroyed actor 'watcher'"
1627603909106	Marionette	INFO	Stopped listening on port 55976

###!!! [Parent][RunMessage] Error: Channel closing: too late to send/recv, messages will be lost

1627603915473	Marionette	INFO	Stopped listening on port 56066

###!!! [Parent][RunMessage] Error: Channel closing: too late to send/recv, messages will be lost

1627603926545	Marionette	INFO	Stopped listening on port 56158

###!!! [Parent][RunMessage] Error: Channel closing: too late to send/recv, messages will be lost

1627603931629	Marionette	INFO	Stopped listening on port 56296

###!!! [Parent][RunMessage] Error: Channel closing: too late to send/recv, messages will be lost

1627603938024	geckodriver	INFO	Listening on 127.0.0.1:56413
1627603939030	mozrunner::runner	INFO	Running command: "/Applications/Firefox.app/Contents/MacOS/firefox-bin" "--marionette" "-foreground" "-no-remote" "-profile" "/var/folders/mk/zkqwr15s00zdkbcslm8yrtgm0000gn/T/rust_mozprofilehcMJtV"
1627603939484	Marionette	INFO	Marionette enabled
console.warn: SearchSettings: "get: No settings file exists, new profile?" (new NotFoundError("Could not open the file at /var/folders/mk/zkqwr15s00zdkbcslm8yrtgm0000gn/T/rust_mozprofilehcMJtV/search.json.mozlz4", (void 0)))
console.error: BackgroundUpdate: 
  _reasonsToNotScheduleUpdates: Failed to check for Maintenance Service Registry Key: [Exception... "Component returned failure code: 0x80004001 (NS_ERROR_NOT_IMPLEMENTED) [nsIUpdateProcessor.getServiceRegKeyExists]"  nsresult: "0x80004001 (NS_ERROR_NOT_IMPLEMENTED)"  location: "JS frame :: resource://gre/modules/BackgroundUpdate.jsm :: _reasonsToNotScheduleUpdates :: line 243"  data: no]
1627603941235	Marionette	INFO	Listening on port 56424
1627603941324	Marionette	WARN	TLS certificate errors will be ignored for this session
1627603977220	Marionette	WARN	TimedPromise timed out after 500 ms: stacktrace:
TimedPromise/<@chrome://marionette/content/sync.js:237:19
TimedPromise@chrome://marionette/content/sync.js:222:10
interaction.flushEventLoop@chrome://marionette/content/interaction.js:431:10
webdriverClickElement@chrome://marionette/content/interaction.js:179:31
1627603979954	Marionette	WARN	TimedPromise timed out after 500 ms: stacktrace:
TimedPromise/<@chrome://marionette/content/sync.js:237:19
TimedPromise@chrome://marionette/content/sync.js:222:10
interaction.flushEventLoop@chrome://marionette/content/interaction.js:431:10
webdriverClickElement@chrome://marionette/content/interaction.js:179:31
1627603988842	Marionette	WARN	TimedPromise timed out after 500 ms: stacktrace:
TimedPromise/<@chrome://marionette/content/sync.js:237:19
TimedPromise@chrome://marionette/content/sync.js:222:10
interaction.flushEventLoop@chrome://marionette/content/interaction.js:431:10
webdriverClickElement@chrome://marionette/content/interaction.js:179:31
1627603999719	Marionette	WARN	TimedPromise timed out after 500 ms: stacktrace:
TimedPromise/<@chrome://marionette/content/sync.js:237:19
TimedPromise@chrome://marionette/content/sync.js:222:10
interaction.flushEventLoop@chrome://marionette/content/interaction.js:431:10
webdriverClickElement@chrome://marionette/content/interaction.js:179:31
console.error: services.settings: 
  main/doh-providers Signature failed  InvalidSignatureError: Invalid content signature (main/doh-providers)
console.error: services.settings: 
  main/doh-providers local data was corrupted
console.warn: services.settings: main/doh-providers Signature verified failed. Retry from scratch
console.error: services.settings: 
  main/doh-config Signature failed  InvalidSignatureError: Invalid content signature (main/doh-config)
console.error: services.settings: 
  main/doh-config local data was corrupted
console.warn: services.settings: main/doh-config Signature verified failed. Retry from scratch
console.log: WebExtensions: reset-default-search: starting.
console.log: WebExtensions: reset-default-search: No addons in our list are installed.
JavaScript error: http://localhost:8080/CS480Demo/jsps/main.jsp, line 29: TypeError: g is undefined
JavaScript error: http://localhost:8080/CS480Demo/jsps/top.jsp;jsessionid=FACAC64DFA99A013DE0A23511C9C9EAA, line 28: TypeError: g is undefined
JavaScript error: resource://gre/actors/AutoCompleteChild.jsm, line 125: Error: Invalid autocomplete selectedIndex
JavaScript error: resource://gre/actors/AutoCompleteChild.jsm, line 125: Error: Invalid autocomplete selectedIndex
JavaScript error: resource://gre/modules/LoginManagerChild.jsm, line 194: NS_ERROR_XPC_JAVASCRIPT_ERROR_WITH_DETAILS: [JavaScript Error: "Invalid autocomplete selectedIndex" {file: "resource://gre/actors/AutoCompleteChild.jsm" line: 125}]'[JavaScript Error: "Invalid autocomplete selectedIndex" {file: "resource://gre/actors/AutoCompleteChild.jsm" line: 125}]' when calling method: [nsIAutoCompletePopup::selectedIndex]
JavaScript error: http://localhost:8080/CS480Demo/UserServletLogin, line 29: TypeError: g is undefined
JavaScript error: http://localhost:8080/CS480Demo/jsps/top.jsp, line 28: TypeError: g is undefined
JavaScript error: http://localhost:8080/CS480Demo/UserServletLogin, line 29: TypeError: g is undefined
JavaScript error: http://localhost:8080/CS480Demo/jsps/top.jsp, line 28: TypeError: g is undefined
JavaScript error: http://localhost:8080/CS480Demo/jsps/HomePage.jsp, line 19: TypeError: g is undefined
JavaScript error: http://localhost:8080/CS480Demo/findAllgames, line 19: TypeError: g is undefined
JavaScript error: http://localhost:8080/CS480Demo/findGenrePublisher, line 27: TypeError: g is undefined
1627605007485	geckodriver	INFO	Listening on 127.0.0.1:56621
1627605008498	mozrunner::runner	INFO	Running command: "/Applications/Firefox.app/Contents/MacOS/firefox-bin" "--marionette" "-foreground" "-no-remote" "-profile" "/var/folders/mk/zkqwr15s00zdkbcslm8yrtgm0000gn/T/rust_mozprofile0xNkqQ"
1627605009282	Marionette	INFO	Marionette enabled
console.warn: SearchSettings: "get: No settings file exists, new profile?" (new NotFoundError("Could not open the file at /var/folders/mk/zkqwr15s00zdkbcslm8yrtgm0000gn/T/rust_mozprofile0xNkqQ/search.json.mozlz4", (void 0)))
console.error: BackgroundUpdate: 
  _reasonsToNotScheduleUpdates: Failed to check for Maintenance Service Registry Key: [Exception... "Component returned failure code: 0x80004001 (NS_ERROR_NOT_IMPLEMENTED) [nsIUpdateProcessor.getServiceRegKeyExists]"  nsresult: "0x80004001 (NS_ERROR_NOT_IMPLEMENTED)"  location: "JS frame :: resource://gre/modules/BackgroundUpdate.jsm :: _reasonsToNotScheduleUpdates :: line 243"  data: no]
1627605011254	Marionette	INFO	Listening on port 56632
1627605011269	Marionette	WARN	TLS certificate errors will be ignored for this session
1627605036098	Marionette	WARN	TimedPromise timed out after 500 ms: stacktrace:
TimedPromise/<@chrome://marionette/content/sync.js:237:19
TimedPromise@chrome://marionette/content/sync.js:222:10
interaction.flushEventLoop@chrome://marionette/content/interaction.js:431:10
webdriverClickElement@chrome://marionette/content/interaction.js:179:31
1627605047033	Marionette	WARN	TimedPromise timed out after 500 ms: stacktrace:
TimedPromise/<@chrome://marionette/content/sync.js:237:19
TimedPromise@chrome://marionette/content/sync.js:222:10
interaction.flushEventLoop@chrome://marionette/content/interaction.js:431:10
webdriverClickElement@chrome://marionette/content/interaction.js:179:31
1627605127074	Marionette	INFO	Stopped listening on port 56424
1627605130536	Marionette	INFO	Stopped listening on port 56632

###!!! [Parent][RunMessage] Error: Channel closing: too late to send/recv, messages will be lost

1627605141017	geckodriver	INFO	Listening on 127.0.0.1:56745
1627605142025	mozrunner::runner	INFO	Running command: "/Applications/Firefox.app/Contents/MacOS/firefox-bin" "--marionette" "-foreground" "-no-remote" "-profile" "/var/folders/mk/zkqwr15s00zdkbcslm8yrtgm0000gn/T/rust_mozprofileNudDnq"
1627605142570	Marionette	INFO	Marionette enabled
console.warn: SearchSettings: "get: No settings file exists, new profile?" (new NotFoundError("Could not open the file at /var/folders/mk/zkqwr15s00zdkbcslm8yrtgm0000gn/T/rust_mozprofileNudDnq/search.json.mozlz4", (void 0)))
console.error: BackgroundUpdate: 
  _reasonsToNotScheduleUpdates: Failed to check for Maintenance Service Registry Key: [Exception... "Component returned failure code: 0x80004001 (NS_ERROR_NOT_IMPLEMENTED) [nsIUpdateProcessor.getServiceRegKeyExists]"  nsresult: "0x80004001 (NS_ERROR_NOT_IMPLEMENTED)"  location: "JS frame :: resource://gre/modules/BackgroundUpdate.jsm :: _reasonsToNotScheduleUpdates :: line 243"  data: no]
1627605144285	Marionette	INFO	Listening on port 56756
1627605144317	Marionette	WARN	TLS certificate errors will be ignored for this session
1627605169141	Marionette	WARN	TimedPromise timed out after 500 ms: stacktrace:
TimedPromise/<@chrome://marionette/content/sync.js:237:19
TimedPromise@chrome://marionette/content/sync.js:222:10
interaction.flushEventLoop@chrome://marionette/content/interaction.js:431:10
webdriverClickElement@chrome://marionette/content/interaction.js:179:31
1627605417524	Marionette	WARN	TimedPromise timed out after 500 ms: stacktrace:
TimedPromise/<@chrome://marionette/content/sync.js:237:19
TimedPromise@chrome://marionette/content/sync.js:222:10
interaction.flushEventLoop@chrome://marionette/content/interaction.js:431:10
webdriverClickElement@chrome://marionette/content/interaction.js:179:31
console.error: services.settings: 
  main/doh-providers Signature failed  InvalidSignatureError: Invalid content signature (main/doh-providers)
console.error: services.settings: 
  main/doh-providers local data was corrupted
console.warn: services.settings: main/doh-providers Signature verified failed. Retry from scratch
console.error: services.settings: 
  main/doh-config Signature failed  InvalidSignatureError: Invalid content signature (main/doh-config)
console.error: services.settings: 
  main/doh-config local data was corrupted
console.warn: services.settings: main/doh-config Signature verified failed. Retry from scratch
JavaScript error: http://localhost:8080/CS480Demo/jsps/main.jsp, line 29: TypeError: g is undefined
JavaScript error: http://localhost:8080/CS480Demo/jsps/top.jsp;jsessionid=E04BC3C7439599F96DB5890451B2D906, line 28: TypeError: g is undefined
JavaScript error: resource://gre/actors/AutoCompleteChild.jsm, line 125: Error: Invalid autocomplete selectedIndex
JavaScript error: resource://gre/actors/AutoCompleteChild.jsm, line 125: Error: Invalid autocomplete selectedIndex
JavaScript error: resource://gre/modules/LoginManagerChild.jsm, line 194: NS_ERROR_XPC_JAVASCRIPT_ERROR_WITH_DETAILS: [JavaScript Error: "Invalid autocomplete selectedIndex" {file: "resource://gre/actors/AutoCompleteChild.jsm" line: 125}]'[JavaScript Error: "Invalid autocomplete selectedIndex" {file: "resource://gre/actors/AutoCompleteChild.jsm" line: 125}]' when calling method: [nsIAutoCompletePopup::selectedIndex]
JavaScript error: http://localhost:8080/CS480Demo/UserServletLogin, line 29: TypeError: g is undefined
JavaScript error: http://localhost:8080/CS480Demo/jsps/top.jsp, line 28: TypeError: g is undefined
JavaScript error: http://localhost:8080/CS480Demo/jsps/HomePage.jsp, line 19: TypeError: g is undefined
JavaScript error: http://localhost:8080/CS480Demo/findGenrePublisher, line 27: TypeError: g is undefined
JavaScript error: http://localhost:8080/CS480Demo/findAllgames, line 19: TypeError: g is undefined
JavaScript error: http://localhost:8080/CS480Demo/UserGame, line 19: TypeError: g is undefined
JavaScript error: http://localhost:8080/CS480Demo/jsps/HomePage.jsp, line 19: TypeError: g is undefined
JavaScript error: http://localhost:8080/CS480Demo/findGenrePublisher, line 27: TypeError: g is undefined
JavaScript error: http://localhost:8080/CS480Demo/findAllgames, line 19: TypeError: g is undefined
JavaScript error: http://localhost:8080/CS480Demo/UserGame, line 19: TypeError: g is undefined
JavaScript error: http://localhost:8080/CS480Demo/jsps/HomePage.jsp, line 19: TypeError: g is undefined
JavaScript error: http://localhost:8080/CS480Demo/findGenrePublisher, line 27: TypeError: g is undefined
JavaScript error: http://localhost:8080/CS480Demo/findAllgames, line 19: TypeError: g is undefined
JavaScript error: http://localhost:8080/CS480Demo/UserGame, line 19: TypeError: g is undefined
JavaScript error: http://localhost:8080/CS480Demo/jsps/HomePage.jsp, line 19: TypeError: g is undefined
JavaScript error: http://localhost:8080/CS480Demo/findGenrePublisher, line 27: TypeError: g is undefined
JavaScript error: http://localhost:8080/CS480Demo/findAllgames, line 19: TypeError: g is undefined
JavaScript error: http://localhost:8080/CS480Demo/queryGames, line 19: TypeError: g is undefined
JavaScript error: http://localhost:8080/CS480Demo/queryGames, line 19: TypeError: g is undefined
JavaScript error: http://localhost:8080/CS480Demo/queryGames, line 19: TypeError: g is undefined
console.log: WebExtensions: reset-default-search: starting.
console.log: WebExtensions: reset-default-search: No addons in our list are installed.
JavaScript error: http://localhost:8080/CS480Demo/queryGames, line 19: TypeError: g is undefined
JavaScript error: http://localhost:8080/CS480Demo/UserServletLogin, line 29: TypeError: g is undefined
JavaScript error: http://localhost:8080/CS480Demo/jsps/top.jsp, line 28: TypeError: g is undefined
JavaScript error: http://localhost:8080/CS480Demo/jsps/HomePage.jsp, line 19: TypeError: g is undefined
JavaScript error: http://localhost:8080/CS480Demo/findGenrePublisher, line 27: TypeError: g is undefined
JavaScript error: http://localhost:8080/CS480Demo/findAllgames, line 19: TypeError: g is undefined
JavaScript error: http://localhost:8080/CS480Demo/jsps/HomePage.jsp, line 19: TypeError: g is undefined
JavaScript error: http://localhost:8080/CS480Demo/findGenrePublisher, line 27: TypeError: g is undefined
JavaScript error: http://localhost:8080/CS480Demo/findAllgames, line 19: TypeError: g is undefined
JavaScript error: http://localhost:8080/CS480Demo/queryGames, line 19: TypeError: g is undefined
JavaScript error: http://localhost:8080/CS480Demo/jsps/HomePage.jsp, line 19: TypeError: g is undefined
JavaScript error: http://localhost:8080/CS480Demo/findGenrePublisher, line 27: TypeError: g is undefined
JavaScript error: http://localhost:8080/CS480Demo/findAllgames, line 19: TypeError: g is undefined
JavaScript error: http://localhost:8080/CS480Demo/queryGames, line 19: TypeError: g is undefined
1627677829048	Marionette	INFO	Stopped listening on port 56756

###!!! [Parent][RunMessage] Error: Channel closing: too late to send/recv, messages will be lost

1627678469074	geckodriver	INFO	Listening on 127.0.0.1:60442
1627678470092	mozrunner::runner	INFO	Running command: "/Applications/Firefox.app/Contents/MacOS/firefox-bin" "--marionette" "-foreground" "-no-remote" "-profile" "/var/folders/mk/zkqwr15s00zdkbcslm8yrtgm0000gn/T/rust_mozprofile5FdEjW"
1627678470747	Marionette	INFO	Marionette enabled
console.warn: SearchSettings: "get: No settings file exists, new profile?" (new NotFoundError("Could not open the file at /var/folders/mk/zkqwr15s00zdkbcslm8yrtgm0000gn/T/rust_mozprofile5FdEjW/search.json.mozlz4", (void 0)))
console.error: BackgroundUpdate: 
  _reasonsToNotScheduleUpdates: Failed to check for Maintenance Service Registry Key: [Exception... "Component returned failure code: 0x80004001 (NS_ERROR_NOT_IMPLEMENTED) [nsIUpdateProcessor.getServiceRegKeyExists]"  nsresult: "0x80004001 (NS_ERROR_NOT_IMPLEMENTED)"  location: "JS frame :: resource://gre/modules/BackgroundUpdate.jsm :: _reasonsToNotScheduleUpdates :: line 243"  data: no]
1627678472773	Marionette	INFO	Listening on port 60454
1627678472874	Marionette	WARN	TLS certificate errors will be ignored for this session
1627678626294	Marionette	INFO	Stopped listening on port 60454

###!!! [Parent][RunMessage] Error: Channel closing: too late to send/recv, messages will be lost

1627678725530	geckodriver	INFO	Listening on 127.0.0.1:60597
1627678726550	mozrunner::runner	INFO	Running command: "/Applications/Firefox.app/Contents/MacOS/firefox-bin" "--marionette" "-foreground" "-no-remote" "-profile" "/var/folders/mk/zkqwr15s00zdkbcslm8yrtgm0000gn/T/rust_mozprofilec4vqL7"
1627678727121	Marionette	INFO	Marionette enabled
console.warn: SearchSettings: "get: No settings file exists, new profile?" (new NotFoundError("Could not open the file at /var/folders/mk/zkqwr15s00zdkbcslm8yrtgm0000gn/T/rust_mozprofilec4vqL7/search.json.mozlz4", (void 0)))
console.error: BackgroundUpdate: 
  _reasonsToNotScheduleUpdates: Failed to check for Maintenance Service Registry Key: [Exception... "Component returned failure code: 0x80004001 (NS_ERROR_NOT_IMPLEMENTED) [nsIUpdateProcessor.getServiceRegKeyExists]"  nsresult: "0x80004001 (NS_ERROR_NOT_IMPLEMENTED)"  location: "JS frame :: resource://gre/modules/BackgroundUpdate.jsm :: _reasonsToNotScheduleUpdates :: line 243"  data: no]
1627678729195	Marionette	INFO	Listening on port 60608
1627678729221	Marionette	WARN	TLS certificate errors will be ignored for this session
1627678745798	Marionette	WARN	TimedPromise timed out after 500 ms: stacktrace:
TimedPromise/<@chrome://marionette/content/sync.js:237:19
TimedPromise@chrome://marionette/content/sync.js:222:10
interaction.flushEventLoop@chrome://marionette/content/interaction.js:431:10
webdriverClickElement@chrome://marionette/content/interaction.js:179:31
console.error: services.settings: 
  main/doh-providers Signature failed  InvalidSignatureError: Invalid content signature (main/doh-providers)
console.error: services.settings: 
  main/doh-providers local data was corrupted
console.warn: services.settings: main/doh-providers Signature verified failed. Retry from scratch
console.error: services.settings: 
  main/doh-config Signature failed  InvalidSignatureError: Invalid content signature (main/doh-config)
console.error: services.settings: 
  main/doh-config local data was corrupted
console.warn: services.settings: main/doh-config Signature verified failed. Retry from scratch
1627679159806	Marionette	INFO	Stopped listening on port 60608

###!!! [Parent][RunMessage] Error: Channel closing: too late to send/recv, messages will be lost

1627729510481	geckodriver	INFO	Listening on 127.0.0.1:63591
1627729511495	mozrunner::runner	INFO	Running command: "/Applications/Firefox.app/Contents/MacOS/firefox-bin" "--marionette" "-foreground" "-no-remote" "-profile" "/var/folders/mk/zkqwr15s00zdkbcslm8yrtgm0000gn/T/rust_mozprofile5nW9pu"
1627729512351	Marionette	INFO	Marionette enabled
console.warn: SearchSettings: "get: No settings file exists, new profile?" (new NotFoundError("Could not open the file at /var/folders/mk/zkqwr15s00zdkbcslm8yrtgm0000gn/T/rust_mozprofile5nW9pu/search.json.mozlz4", (void 0)))
console.error: BackgroundUpdate: 
  _reasonsToNotScheduleUpdates: Failed to check for Maintenance Service Registry Key: [Exception... "Component returned failure code: 0x80004001 (NS_ERROR_NOT_IMPLEMENTED) [nsIUpdateProcessor.getServiceRegKeyExists]"  nsresult: "0x80004001 (NS_ERROR_NOT_IMPLEMENTED)"  location: "JS frame :: resource://gre/modules/BackgroundUpdate.jsm :: _reasonsToNotScheduleUpdates :: line 243"  data: no]
1627729514538	Marionette	INFO	Listening on port 63603
1627729514573	Marionette	WARN	TLS certificate errors will be ignored for this session
1627729519891	Marionette	WARN	TimedPromise timed out after 500 ms: stacktrace:
TimedPromise/<@chrome://marionette/content/sync.js:237:19
TimedPromise@chrome://marionette/content/sync.js:222:10
interaction.flushEventLoop@chrome://marionette/content/interaction.js:431:10
webdriverClickElement@chrome://marionette/content/interaction.js:179:31
1627729595573	Marionette	WARN	TimedPromise timed out after 500 ms: stacktrace:
TimedPromise/<@chrome://marionette/content/sync.js:237:19
TimedPromise@chrome://marionette/content/sync.js:222:10
interaction.flushEventLoop@chrome://marionette/content/interaction.js:431:10
webdriverClickElement@chrome://marionette/content/interaction.js:179:31
1627729598305	Marionette	WARN	TimedPromise timed out after 500 ms: stacktrace:
TimedPromise/<@chrome://marionette/content/sync.js:237:19
TimedPromise@chrome://marionette/content/sync.js:222:10
interaction.flushEventLoop@chrome://marionette/content/interaction.js:431:10
webdriverClickElement@chrome://marionette/content/interaction.js:179:31
1627729607371	Marionette	WARN	TimedPromise timed out after 500 ms: stacktrace:
TimedPromise/<@chrome://marionette/content/sync.js:237:19
TimedPromise@chrome://marionette/content/sync.js:222:10
interaction.flushEventLoop@chrome://marionette/content/interaction.js:431:10
webdriverClickElement@chrome://marionette/content/interaction.js:179:31
1627729610143	Marionette	WARN	TimedPromise timed out after 500 ms: stacktrace:
TimedPromise/<@chrome://marionette/content/sync.js:237:19
TimedPromise@chrome://marionette/content/sync.js:222:10
interaction.flushEventLoop@chrome://marionette/content/interaction.js:431:10
webdriverClickElement@chrome://marionette/content/interaction.js:179:31
1627729618967	Marionette	WARN	TimedPromise timed out after 500 ms: stacktrace:
TimedPromise/<@chrome://marionette/content/sync.js:237:19
TimedPromise@chrome://marionette/content/sync.js:222:10
interaction.flushEventLoop@chrome://marionette/content/interaction.js:431:10
webdriverClickElement@chrome://marionette/content/interaction.js:179:31
1627729628600	Marionette	WARN	TimedPromise timed out after 500 ms: stacktrace:
TimedPromise/<@chrome://marionette/content/sync.js:237:19
TimedPromise@chrome://marionette/content/sync.js:222:10
interaction.flushEventLoop@chrome://marionette/content/interaction.js:431:10
webdriverClickElement@chrome://marionette/content/interaction.js:179:31
1627729631326	Marionette	WARN	TimedPromise timed out after 500 ms: stacktrace:
TimedPromise/<@chrome://marionette/content/sync.js:237:19
TimedPromise@chrome://marionette/content/sync.js:222:10
interaction.flushEventLoop@chrome://marionette/content/interaction.js:431:10
webdriverClickElement@chrome://marionette/content/interaction.js:179:31
1627729640205	Marionette	WARN	TimedPromise timed out after 500 ms: stacktrace:
TimedPromise/<@chrome://marionette/content/sync.js:237:19
TimedPromise@chrome://marionette/content/sync.js:222:10
interaction.flushEventLoop@chrome://marionette/content/interaction.js:431:10
webdriverClickElement@chrome://marionette/content/interaction.js:179:31
1627729651578	Marionette	WARN	TimedPromise timed out after 500 ms: stacktrace:
TimedPromise/<@chrome://marionette/content/sync.js:237:19
TimedPromise@chrome://marionette/content/sync.js:222:10
interaction.flushEventLoop@chrome://marionette/content/interaction.js:431:10
webdriverClickElement@chrome://marionette/content/interaction.js:179:31
1627729662536	Marionette	WARN	TimedPromise timed out after 500 ms: stacktrace:
TimedPromise/<@chrome://marionette/content/sync.js:237:19
TimedPromise@chrome://marionette/content/sync.js:222:10
interaction.flushEventLoop@chrome://marionette/content/interaction.js:431:10
webdriverClickElement@chrome://marionette/content/interaction.js:179:31
1627729672280	Marionette	WARN	TimedPromise timed out after 500 ms: stacktrace:
TimedPromise/<@chrome://marionette/content/sync.js:237:19
TimedPromise@chrome://marionette/content/sync.js:222:10
interaction.flushEventLoop@chrome://marionette/content/interaction.js:431:10
webdriverClickElement@chrome://marionette/content/interaction.js:179:31
1627729674994	Marionette	WARN	TimedPromise timed out after 500 ms: stacktrace:
TimedPromise/<@chrome://marionette/content/sync.js:237:19
TimedPromise@chrome://marionette/content/sync.js:222:10
interaction.flushEventLoop@chrome://marionette/content/interaction.js:431:10
webdriverClickElement@chrome://marionette/content/interaction.js:179:31
1627729832082	Marionette	INFO	Stopped listening on port 63603

###!!! [Parent][RunMessage] Error: Channel closing: too late to send/recv, messages will be lost

1627729850273	geckodriver	INFO	Listening on 127.0.0.1:63842
1627729851282	mozrunner::runner	INFO	Running command: "/Applications/Firefox.app/Contents/MacOS/firefox-bin" "--marionette" "-foreground" "-no-remote" "-profile" "/var/folders/mk/zkqwr15s00zdkbcslm8yrtgm0000gn/T/rust_mozprofileCRfrZx"
1627729851626	Marionette	INFO	Marionette enabled
console.warn: SearchSettings: "get: No settings file exists, new profile?" (new NotFoundError("Could not open the file at /var/folders/mk/zkqwr15s00zdkbcslm8yrtgm0000gn/T/rust_mozprofileCRfrZx/search.json.mozlz4", (void 0)))
console.error: BackgroundUpdate: 
  _reasonsToNotScheduleUpdates: Failed to check for Maintenance Service Registry Key: [Exception... "Component returned failure code: 0x80004001 (NS_ERROR_NOT_IMPLEMENTED) [nsIUpdateProcessor.getServiceRegKeyExists]"  nsresult: "0x80004001 (NS_ERROR_NOT_IMPLEMENTED)"  location: "JS frame :: resource://gre/modules/BackgroundUpdate.jsm :: _reasonsToNotScheduleUpdates :: line 243"  data: no]
1627729853458	Marionette	INFO	Listening on port 63853
1627729853536	Marionette	WARN	TLS certificate errors will be ignored for this session
1627730177213	Marionette	INFO	Stopped listening on port 63853

###!!! [Parent][RunMessage] Error: Channel closing: too late to send/recv, messages will be lost

